  [1m[35m (152.2ms)[0m  [1m[35mCREATE DATABASE "cookbook_development" ENCODING = 'unicode'[0m
  [1m[35m (55.7ms)[0m  [1m[35mCREATE DATABASE "cookbook_test" ENCODING = 'unicode'[0m
  [1m[35m (11.4ms)[0m  [1m[35mCREATE TABLE "schema_migrations" ("version" character varying NOT NULL PRIMARY KEY)[0m
  [1m[35m (4.2ms)[0m  [1m[35mCREATE TABLE "ar_internal_metadata" ("key" character varying NOT NULL PRIMARY KEY, "value" character varying, "created_at" timestamp(6) NOT NULL, "updated_at" timestamp(6) NOT NULL)[0m
  [1m[35m (0.2ms)[0m  [1m[34mSELECT pg_try_advisory_lock(487988736087080235)[0m
  [1m[36mActiveRecord::SchemaMigration Pluck (0.4ms)[0m  [1m[34mSELECT "schema_migrations"."version" FROM "schema_migrations" ORDER BY "schema_migrations"."version" ASC[0m
Migrating to CreateRecipes (20220112064805)
  [1m[36mTRANSACTION (0.2ms)[0m  [1m[35mBEGIN[0m
  [1m[35m (4.8ms)[0m  [1m[35mCREATE TABLE "recipes" ("id" bigserial primary key, "tittle" character varying, "instructions" text, "created_at" timestamp(6) NOT NULL, "updated_at" timestamp(6) NOT NULL)[0m
  [1m[36mActiveRecord::SchemaMigration Create (0.4ms)[0m  [1m[32mINSERT INTO "schema_migrations" ("version") VALUES ($1) RETURNING "version"[0m  [["version", "20220112064805"]]
  [1m[36mTRANSACTION (0.7ms)[0m  [1m[35mCOMMIT[0m
  [1m[36mActiveRecord::InternalMetadata Load (0.6ms)[0m  [1m[34mSELECT "ar_internal_metadata".* FROM "ar_internal_metadata" WHERE "ar_internal_metadata"."key" = $1 LIMIT $2[0m  [["key", "environment"], ["LIMIT", 1]]
  [1m[36mTRANSACTION (0.2ms)[0m  [1m[35mBEGIN[0m
  [1m[36mActiveRecord::InternalMetadata Create (0.5ms)[0m  [1m[32mINSERT INTO "ar_internal_metadata" ("key", "value", "created_at", "updated_at") VALUES ($1, $2, $3, $4) RETURNING "key"[0m  [["key", "environment"], ["value", "development"], ["created_at", "2022-01-12 06:51:43.309543"], ["updated_at", "2022-01-12 06:51:43.309543"]]
  [1m[36mTRANSACTION (0.5ms)[0m  [1m[35mCOMMIT[0m
  [1m[35m (0.4ms)[0m  [1m[34mSELECT pg_advisory_unlock(487988736087080235)[0m
  [1m[36mActiveRecord::SchemaMigration Pluck (0.7ms)[0m  [1m[34mSELECT "schema_migrations"."version" FROM "schema_migrations" ORDER BY "schema_migrations"."version" ASC[0m
Started GET "/" for 127.0.0.1 at 2022-01-12 12:23:50 +0530
  [1m[36mActiveRecord::SchemaMigration Pluck (0.6ms)[0m  [1m[34mSELECT "schema_migrations"."version" FROM "schema_migrations" ORDER BY "schema_migrations"."version" ASC[0m
Processing by Rails::WelcomeController#index as HTML
  Rendering /usr/share/rvm/gems/ruby-3.0.0/gems/railties-7.0.1/lib/rails/templates/rails/welcome/index.html.erb
  Rendered /usr/share/rvm/gems/ruby-3.0.0/gems/railties-7.0.1/lib/rails/templates/rails/welcome/index.html.erb (Duration: 2.8ms | Allocations: 722)
Completed 200 OK in 21ms (Views: 8.0ms | ActiveRecord: 0.0ms | Allocations: 6953)


Started GET "/recipies" for 127.0.0.1 at 2022-01-12 12:24:11 +0530
  
ActionController::RoutingError (No route matches [GET] "/recipies"):
  
Started GET "/recipes" for 127.0.0.1 at 2022-01-12 12:27:26 +0530
Processing by RecipesController#index as HTML
  Rendering layout layouts/application.html.erb
  Rendering recipes/index.html.erb within layouts/application
  [1m[36mRecipe Load (0.7ms)[0m  [1m[34mSELECT "recipes".* FROM "recipes"[0m
  ↳ app/views/recipes/index.html.erb:6
  Rendered recipes/index.html.erb within layouts/application (Duration: 6.9ms | Allocations: 1150)
  Rendered layout layouts/application.html.erb (Duration: 303.2ms | Allocations: 86109)
Completed 200 OK in 315ms (Views: 308.6ms | ActiveRecord: 0.7ms | Allocations: 87846)


Started GET "/recipes/new" for 127.0.0.1 at 2022-01-12 12:27:34 +0530
Processing by RecipesController#new as HTML
  Rendering layout layouts/application.html.erb
  Rendering recipes/new.html.erb within layouts/application
  Rendered recipes/_form.html.erb (Duration: 26.8ms | Allocations: 5175)
  Rendered recipes/new.html.erb within layouts/application (Duration: 30.5ms | Allocations: 5487)
  Rendered layout layouts/application.html.erb (Duration: 39.0ms | Allocations: 7532)
Completed 200 OK in 67ms (Views: 40.7ms | ActiveRecord: 9.1ms | Allocations: 12417)


Started POST "/recipes" for 127.0.0.1 at 2022-01-12 12:28:09 +0530
Processing by RecipesController#create as TURBO_STREAM
  Parameters: {"authenticity_token"=>"[FILTERED]", "recipe"=>{"tittle"=>"Curry", "instructions"=>"One of the comman dish in india"}, "commit"=>"Create Recipe"}
  [1m[36mTRANSACTION (0.2ms)[0m  [1m[35mBEGIN[0m
  ↳ app/controllers/recipes_controller.rb:27:in `block in create'
  [1m[36mRecipe Create (2.8ms)[0m  [1m[32mINSERT INTO "recipes" ("tittle", "instructions", "created_at", "updated_at") VALUES ($1, $2, $3, $4) RETURNING "id"[0m  [["tittle", "Curry"], ["instructions", "One of the comman dish in india"], ["created_at", "2022-01-12 06:58:09.853341"], ["updated_at", "2022-01-12 06:58:09.853341"]]
  ↳ app/controllers/recipes_controller.rb:27:in `block in create'
  [1m[36mTRANSACTION (1.1ms)[0m  [1m[35mCOMMIT[0m
  ↳ app/controllers/recipes_controller.rb:27:in `block in create'
Redirected to http://localhost:3000/recipes/1
Completed 302 Found in 16ms (ActiveRecord: 4.2ms | Allocations: 3432)


Started GET "/recipes/1" for 127.0.0.1 at 2022-01-12 12:28:09 +0530
Processing by RecipesController#show as TURBO_STREAM
  Parameters: {"id"=>"1"}
  [1m[36mRecipe Load (0.3ms)[0m  [1m[34mSELECT "recipes".* FROM "recipes" WHERE "recipes"."id" = $1 LIMIT $2[0m  [["id", 1], ["LIMIT", 1]]
  ↳ app/controllers/recipes_controller.rb:63:in `set_recipe'
  Rendering layout layouts/application.html.erb
  Rendering recipes/show.html.erb within layouts/application
  Rendered recipes/_recipe.html.erb (Duration: 0.6ms | Allocations: 205)
  Rendered recipes/show.html.erb within layouts/application (Duration: 3.5ms | Allocations: 1339)
  Rendered layout layouts/application.html.erb (Duration: 7.0ms | Allocations: 3374)
Completed 200 OK in 12ms (Views: 7.7ms | ActiveRecord: 0.4ms | Allocations: 6183)


Started GET "/recipes/1/edit" for 127.0.0.1 at 2022-01-12 12:28:47 +0530
Processing by RecipesController#edit as HTML
  Parameters: {"id"=>"1"}
  [1m[36mRecipe Load (1.0ms)[0m  [1m[34mSELECT "recipes".* FROM "recipes" WHERE "recipes"."id" = $1 LIMIT $2[0m  [["id", 1], ["LIMIT", 1]]
  ↳ app/controllers/recipes_controller.rb:63:in `set_recipe'
  Rendering layout layouts/application.html.erb
  Rendering recipes/edit.html.erb within layouts/application
  Rendered recipes/_form.html.erb (Duration: 6.3ms | Allocations: 908)
  Rendered recipes/edit.html.erb within layouts/application (Duration: 7.9ms | Allocations: 1200)
  Rendered layout layouts/application.html.erb (Duration: 18.9ms | Allocations: 3235)
Completed 200 OK in 27ms (Views: 19.9ms | ActiveRecord: 1.0ms | Allocations: 4103)


Started PATCH "/recipes/1" for 127.0.0.1 at 2022-01-12 12:29:04 +0530
Processing by RecipesController#update as TURBO_STREAM
  Parameters: {"authenticity_token"=>"[FILTERED]", "recipe"=>{"tittle"=>"Curry", "instructions"=>"One of the comman dish in India ."}, "commit"=>"Update Recipe", "id"=>"1"}
  [1m[36mRecipe Load (0.3ms)[0m  [1m[34mSELECT "recipes".* FROM "recipes" WHERE "recipes"."id" = $1 LIMIT $2[0m  [["id", 1], ["LIMIT", 1]]
  ↳ app/controllers/recipes_controller.rb:63:in `set_recipe'
  [1m[36mTRANSACTION (0.2ms)[0m  [1m[35mBEGIN[0m
  ↳ app/controllers/recipes_controller.rb:40:in `block in update'
  [1m[36mRecipe Update (0.6ms)[0m  [1m[33mUPDATE "recipes" SET "instructions" = $1, "updated_at" = $2 WHERE "recipes"."id" = $3[0m  [["instructions", "One of the comman dish in India ."], ["updated_at", "2022-01-12 06:59:04.790726"], ["id", 1]]
  ↳ app/controllers/recipes_controller.rb:40:in `block in update'
  [1m[36mTRANSACTION (0.6ms)[0m  [1m[35mCOMMIT[0m
  ↳ app/controllers/recipes_controller.rb:40:in `block in update'
Redirected to http://localhost:3000/recipes/1
Completed 302 Found in 10ms (ActiveRecord: 1.7ms | Allocations: 2842)


Started GET "/recipes/1" for 127.0.0.1 at 2022-01-12 12:29:04 +0530
Processing by RecipesController#show as TURBO_STREAM
  Parameters: {"id"=>"1"}
  [1m[36mRecipe Load (0.7ms)[0m  [1m[34mSELECT "recipes".* FROM "recipes" WHERE "recipes"."id" = $1 LIMIT $2[0m  [["id", 1], ["LIMIT", 1]]
  ↳ app/controllers/recipes_controller.rb:63:in `set_recipe'
  Rendering layout layouts/application.html.erb
  Rendering recipes/show.html.erb within layouts/application
  Rendered recipes/_recipe.html.erb (Duration: 0.1ms | Allocations: 24)
  Rendered recipes/show.html.erb within layouts/application (Duration: 3.5ms | Allocations: 526)
  Rendered layout layouts/application.html.erb (Duration: 6.6ms | Allocations: 2561)
Completed 200 OK in 13ms (Views: 7.4ms | ActiveRecord: 0.7ms | Allocations: 3366)


Started GET "/recipes" for 127.0.0.1 at 2022-01-12 12:29:11 +0530
Processing by RecipesController#index as HTML
  Rendering layout layouts/application.html.erb
  Rendering recipes/index.html.erb within layouts/application
  [1m[36mRecipe Load (0.4ms)[0m  [1m[34mSELECT "recipes".* FROM "recipes"[0m
  ↳ app/views/recipes/index.html.erb:6
  Rendered recipes/_recipe.html.erb (Duration: 0.2ms | Allocations: 24)
  Rendered recipes/index.html.erb within layouts/application (Duration: 8.3ms | Allocations: 919)
  Rendered layout layouts/application.html.erb (Duration: 18.2ms | Allocations: 2975)
Completed 200 OK in 21ms (Views: 19.9ms | ActiveRecord: 0.4ms | Allocations: 3310)


Started GET "/recipes/new" for 127.0.0.1 at 2022-01-12 12:29:21 +0530
Processing by RecipesController#new as HTML
  Rendering layout layouts/application.html.erb
  Rendering recipes/new.html.erb within layouts/application
  Rendered recipes/_form.html.erb (Duration: 2.0ms | Allocations: 839)
  Rendered recipes/new.html.erb within layouts/application (Duration: 2.5ms | Allocations: 932)
  Rendered layout layouts/application.html.erb (Duration: 6.3ms | Allocations: 2975)
Completed 200 OK in 9ms (Views: 8.7ms | ActiveRecord: 0.0ms | Allocations: 3312)


Started POST "/recipes" for 127.0.0.1 at 2022-01-12 12:29:51 +0530
Processing by RecipesController#create as TURBO_STREAM
  Parameters: {"authenticity_token"=>"[FILTERED]", "recipe"=>{"tittle"=>"Dosa", "instructions"=>"Major Breakfast food in India."}, "commit"=>"Create Recipe"}
  [1m[36mTRANSACTION (0.1ms)[0m  [1m[35mBEGIN[0m
  ↳ app/controllers/recipes_controller.rb:27:in `block in create'
  [1m[36mRecipe Create (0.3ms)[0m  [1m[32mINSERT INTO "recipes" ("tittle", "instructions", "created_at", "updated_at") VALUES ($1, $2, $3, $4) RETURNING "id"[0m  [["tittle", "Dosa"], ["instructions", "Major Breakfast food in India."], ["created_at", "2022-01-12 06:59:51.023968"], ["updated_at", "2022-01-12 06:59:51.023968"]]
  ↳ app/controllers/recipes_controller.rb:27:in `block in create'
  [1m[36mTRANSACTION (0.5ms)[0m  [1m[35mCOMMIT[0m
  ↳ app/controllers/recipes_controller.rb:27:in `block in create'
Redirected to http://localhost:3000/recipes/2
Completed 302 Found in 8ms (ActiveRecord: 1.0ms | Allocations: 2248)


Started GET "/recipes/2" for 127.0.0.1 at 2022-01-12 12:29:51 +0530
Processing by RecipesController#show as TURBO_STREAM
  Parameters: {"id"=>"2"}
  [1m[36mRecipe Load (0.7ms)[0m  [1m[34mSELECT "recipes".* FROM "recipes" WHERE "recipes"."id" = $1 LIMIT $2[0m  [["id", 2], ["LIMIT", 1]]
  ↳ app/controllers/recipes_controller.rb:63:in `set_recipe'
  Rendering layout layouts/application.html.erb
  Rendering recipes/show.html.erb within layouts/application
  Rendered recipes/_recipe.html.erb (Duration: 0.3ms | Allocations: 24)
  Rendered recipes/show.html.erb within layouts/application (Duration: 4.3ms | Allocations: 528)
  Rendered layout layouts/application.html.erb (Duration: 10.4ms | Allocations: 2563)
Completed 200 OK in 17ms (Views: 12.6ms | ActiveRecord: 0.7ms | Allocations: 3368)


Started GET "/recipes" for 127.0.0.1 at 2022-01-12 12:29:55 +0530
Processing by RecipesController#index as HTML
  Rendering layout layouts/application.html.erb
  Rendering recipes/index.html.erb within layouts/application
  [1m[36mRecipe Load (0.8ms)[0m  [1m[34mSELECT "recipes".* FROM "recipes"[0m
  ↳ app/views/recipes/index.html.erb:6
  Rendered recipes/_recipe.html.erb (Duration: 0.3ms | Allocations: 24)
  Rendered recipes/_recipe.html.erb (Duration: 0.5ms | Allocations: 23)
  Rendered recipes/index.html.erb within layouts/application (Duration: 8.9ms | Allocations: 1053)
  Rendered layout layouts/application.html.erb (Duration: 17.8ms | Allocations: 3113)
Completed 200 OK in 25ms (Views: 22.5ms | ActiveRecord: 0.8ms | Allocations: 3448)


  [1m[35m (0.2ms)[0m  [1m[34mSELECT pg_try_advisory_lock(487988736087080235)[0m
  [1m[36mActiveRecord::SchemaMigration Pluck (1.1ms)[0m  [1m[34mSELECT "schema_migrations"."version" FROM "schema_migrations" ORDER BY "schema_migrations"."version" ASC[0m
Migrating to CreateHospitals (20220113110736)
  [1m[36mTRANSACTION (0.3ms)[0m  [1m[35mBEGIN[0m
  [1m[35m (18.5ms)[0m  [1m[35mCREATE TABLE "hospitals" ("id" bigserial primary key, "name" character varying, "service" text, "created_at" timestamp(6) NOT NULL, "updated_at" timestamp(6) NOT NULL)[0m
  [1m[36mActiveRecord::SchemaMigration Create (0.4ms)[0m  [1m[32mINSERT INTO "schema_migrations" ("version") VALUES ($1) RETURNING "version"[0m  [["version", "20220113110736"]]
  [1m[36mTRANSACTION (1.1ms)[0m  [1m[35mCOMMIT[0m
  [1m[36mActiveRecord::InternalMetadata Load (0.9ms)[0m  [1m[34mSELECT "ar_internal_metadata".* FROM "ar_internal_metadata" WHERE "ar_internal_metadata"."key" = $1 LIMIT $2[0m  [["key", "environment"], ["LIMIT", 1]]
  [1m[35m (0.4ms)[0m  [1m[34mSELECT pg_advisory_unlock(487988736087080235)[0m
  [1m[36mActiveRecord::SchemaMigration Pluck (0.5ms)[0m  [1m[34mSELECT "schema_migrations"."version" FROM "schema_migrations" ORDER BY "schema_migrations"."version" ASC[0m
Started GET "/" for 127.0.0.1 at 2022-01-13 16:39:07 +0530
  [1m[36mActiveRecord::SchemaMigration Pluck (0.6ms)[0m  [1m[34mSELECT "schema_migrations"."version" FROM "schema_migrations" ORDER BY "schema_migrations"."version" ASC[0m
Processing by Rails::WelcomeController#index as HTML
  Rendering /usr/share/rvm/gems/ruby-3.0.0/gems/railties-7.0.1/lib/rails/templates/rails/welcome/index.html.erb
  Rendered /usr/share/rvm/gems/ruby-3.0.0/gems/railties-7.0.1/lib/rails/templates/rails/welcome/index.html.erb (Duration: 1.8ms | Allocations: 618)
Completed 200 OK in 15ms (Views: 5.4ms | ActiveRecord: 0.0ms | Allocations: 5707)


Started GET "/hospitals" for 127.0.0.1 at 2022-01-13 16:39:17 +0530
Processing by HospitalsController#index as HTML
  Rendering layout layouts/application.html.erb
  Rendering hospitals/index.html.erb within layouts/application
  [1m[36mHospital Load (0.5ms)[0m  [1m[34mSELECT "hospitals".* FROM "hospitals"[0m
  ↳ app/views/hospitals/index.html.erb:6
  Rendered hospitals/index.html.erb within layouts/application (Duration: 10.4ms | Allocations: 1227)
  Rendered layout layouts/application.html.erb (Duration: 67.8ms | Allocations: 35000)
Completed 200 OK in 73ms (Views: 69.2ms | ActiveRecord: 0.5ms | Allocations: 36767)


Started GET "/hospitals/new" for 127.0.0.1 at 2022-01-13 16:39:21 +0530
Processing by HospitalsController#new as HTML
  Rendering layout layouts/application.html.erb
  Rendering hospitals/new.html.erb within layouts/application
  Rendered hospitals/_form.html.erb (Duration: 11.0ms | Allocations: 3317)
  Rendered hospitals/new.html.erb within layouts/application (Duration: 12.6ms | Allocations: 3640)
  Rendered layout layouts/application.html.erb (Duration: 14.9ms | Allocations: 5683)
Completed 200 OK in 31ms (Views: 15.6ms | ActiveRecord: 5.6ms | Allocations: 10544)


Started POST "/hospitals" for 127.0.0.1 at 2022-01-13 16:45:09 +0530
Processing by HospitalsController#create as TURBO_STREAM
  Parameters: {"authenticity_token"=>"[FILTERED]", "hospital"=>{"name"=>"aditya", "service"=>"Heart specialits"}, "commit"=>"Create Hospital"}
  [1m[36mTRANSACTION (0.2ms)[0m  [1m[35mBEGIN[0m
  ↳ app/controllers/hospitals_controller.rb:27:in `block in create'
  [1m[36mHospital Create (0.7ms)[0m  [1m[32mINSERT INTO "hospitals" ("name", "service", "created_at", "updated_at") VALUES ($1, $2, $3, $4) RETURNING "id"[0m  [["name", "aditya"], ["service", "Heart specialits"], ["created_at", "2022-01-13 11:15:09.725366"], ["updated_at", "2022-01-13 11:15:09.725366"]]
  ↳ app/controllers/hospitals_controller.rb:27:in `block in create'
  [1m[36mTRANSACTION (0.6ms)[0m  [1m[35mCOMMIT[0m
  ↳ app/controllers/hospitals_controller.rb:27:in `block in create'
Redirected to http://localhost:3000/hospitals/1
Completed 302 Found in 19ms (ActiveRecord: 8.2ms | Allocations: 5585)


Started GET "/hospitals/1" for 127.0.0.1 at 2022-01-13 16:45:09 +0530
Processing by HospitalsController#show as TURBO_STREAM
  Parameters: {"id"=>"1"}
  [1m[36mHospital Load (0.3ms)[0m  [1m[34mSELECT "hospitals".* FROM "hospitals" WHERE "hospitals"."id" = $1 LIMIT $2[0m  [["id", 1], ["LIMIT", 1]]
  ↳ app/controllers/hospitals_controller.rb:63:in `set_hospital'
  Rendering layout layouts/application.html.erb
  Rendering hospitals/show.html.erb within layouts/application
  Rendered hospitals/_hospital.html.erb (Duration: 0.5ms | Allocations: 204)
  Rendered hospitals/show.html.erb within layouts/application (Duration: 3.1ms | Allocations: 1253)
  Rendered layout layouts/application.html.erb (Duration: 5.4ms | Allocations: 3289)
Completed 200 OK in 11ms (Views: 5.9ms | ActiveRecord: 0.6ms | Allocations: 6173)


Started DELETE "/hospitals/1" for 127.0.0.1 at 2022-01-13 16:45:13 +0530
Processing by HospitalsController#destroy as TURBO_STREAM
  Parameters: {"authenticity_token"=>"[FILTERED]", "id"=>"1"}
  [1m[36mHospital Load (0.3ms)[0m  [1m[34mSELECT "hospitals".* FROM "hospitals" WHERE "hospitals"."id" = $1 LIMIT $2[0m  [["id", 1], ["LIMIT", 1]]
  ↳ app/controllers/hospitals_controller.rb:63:in `set_hospital'
  [1m[36mTRANSACTION (0.1ms)[0m  [1m[35mBEGIN[0m
  ↳ app/controllers/hospitals_controller.rb:52:in `destroy'
  [1m[36mHospital Destroy (0.4ms)[0m  [1m[31mDELETE FROM "hospitals" WHERE "hospitals"."id" = $1[0m  [["id", 1]]
  ↳ app/controllers/hospitals_controller.rb:52:in `destroy'
  [1m[36mTRANSACTION (0.5ms)[0m  [1m[35mCOMMIT[0m
  ↳ app/controllers/hospitals_controller.rb:52:in `destroy'
Redirected to http://localhost:3000/hospitals
Completed 302 Found in 6ms (ActiveRecord: 1.3ms | Allocations: 2382)


Started GET "/hospitals" for 127.0.0.1 at 2022-01-13 16:45:13 +0530
Processing by HospitalsController#index as TURBO_STREAM
  Rendering layout layouts/application.html.erb
  Rendering hospitals/index.html.erb within layouts/application
  [1m[36mHospital Load (0.2ms)[0m  [1m[34mSELECT "hospitals".* FROM "hospitals"[0m
  ↳ app/views/hospitals/index.html.erb:6
  Rendered hospitals/index.html.erb within layouts/application (Duration: 1.9ms | Allocations: 769)
  Rendered layout layouts/application.html.erb (Duration: 4.5ms | Allocations: 2826)
Completed 200 OK in 6ms (Views: 4.9ms | ActiveRecord: 0.2ms | Allocations: 3165)


  [1m[35m (0.2ms)[0m  [1m[34mSELECT pg_try_advisory_lock(487988736087080235)[0m
  [1m[36mActiveRecord::SchemaMigration Pluck (1.1ms)[0m  [1m[34mSELECT "schema_migrations"."version" FROM "schema_migrations" ORDER BY "schema_migrations"."version" ASC[0m
Migrating to CreatePonies (20220116145435)
  [1m[36mTRANSACTION (0.2ms)[0m  [1m[35mBEGIN[0m
  [1m[35m (18.0ms)[0m  [1m[35mCREATE TABLE "ponies" ("id" bigserial primary key, "name" character varying, "profession" character varying, "created_at" timestamp(6) NOT NULL, "updated_at" timestamp(6) NOT NULL)[0m
  [1m[36mActiveRecord::SchemaMigration Create (0.3ms)[0m  [1m[32mINSERT INTO "schema_migrations" ("version") VALUES ($1) RETURNING "version"[0m  [["version", "20220116145435"]]
  [1m[36mTRANSACTION (1.1ms)[0m  [1m[35mCOMMIT[0m
  [1m[36mActiveRecord::InternalMetadata Load (0.8ms)[0m  [1m[34mSELECT "ar_internal_metadata".* FROM "ar_internal_metadata" WHERE "ar_internal_metadata"."key" = $1 LIMIT $2[0m  [["key", "environment"], ["LIMIT", 1]]
  [1m[35m (0.3ms)[0m  [1m[34mSELECT pg_advisory_unlock(487988736087080235)[0m
  [1m[36mActiveRecord::SchemaMigration Pluck (0.7ms)[0m  [1m[34mSELECT "schema_migrations"."version" FROM "schema_migrations" ORDER BY "schema_migrations"."version" ASC[0m
Started GET "/" for 127.0.0.1 at 2022-01-16 20:25:10 +0530
  [1m[36mActiveRecord::SchemaMigration Pluck (0.7ms)[0m  [1m[34mSELECT "schema_migrations"."version" FROM "schema_migrations" ORDER BY "schema_migrations"."version" ASC[0m
Processing by Rails::WelcomeController#index as HTML
  Rendering /usr/share/rvm/gems/ruby-3.0.0/gems/railties-7.0.1/lib/rails/templates/rails/welcome/index.html.erb
  Rendered /usr/share/rvm/gems/ruby-3.0.0/gems/railties-7.0.1/lib/rails/templates/rails/welcome/index.html.erb (Duration: 1.9ms | Allocations: 618)
Completed 200 OK in 14ms (Views: 5.2ms | ActiveRecord: 0.0ms | Allocations: 5720)


Started GET "/pony" for 127.0.0.1 at 2022-01-16 20:25:20 +0530
  
ActionController::RoutingError (No route matches [GET] "/pony"):
  
Started GET "/Pony" for 127.0.0.1 at 2022-01-16 20:25:35 +0530
  
ActionController::RoutingError (No route matches [GET] "/Pony"):
  
Started GET "/hospital" for 127.0.0.1 at 2022-01-16 20:26:48 +0530
  
ActionController::RoutingError (No route matches [GET] "/hospital"):
  
Started GET "/hospitals" for 127.0.0.1 at 2022-01-16 20:26:52 +0530
Processing by HospitalsController#index as HTML
  Rendering layout layouts/application.html.erb
  Rendering hospitals/index.html.erb within layouts/application
  [1m[36mHospital Load (1.0ms)[0m  [1m[34mSELECT "hospitals".* FROM "hospitals"[0m
  ↳ app/views/hospitals/index.html.erb:6
  Rendered hospitals/index.html.erb within layouts/application (Duration: 4.0ms | Allocations: 1106)
  Rendered layout layouts/application.html.erb (Duration: 72.1ms | Allocations: 34700)
Completed 200 OK in 78ms (Views: 72.9ms | ActiveRecord: 1.0ms | Allocations: 36393)


Started GET "/ponies" for 127.0.0.1 at 2022-01-16 20:27:10 +0530
Processing by PoniesController#index as HTML
  Rendering layout layouts/application.html.erb
  Rendering ponies/index.html.erb within layouts/application
  [1m[36mPony Load (0.5ms)[0m  [1m[34mSELECT "ponies".* FROM "ponies"[0m
  ↳ app/views/ponies/index.html.erb:6
  Rendered ponies/index.html.erb within layouts/application (Duration: 3.7ms | Allocations: 1091)
  Rendered layout layouts/application.html.erb (Duration: 7.3ms | Allocations: 3225)
Completed 200 OK in 14ms (Views: 8.9ms | ActiveRecord: 0.5ms | Allocations: 4535)


Started GET "/ponies/new" for 127.0.0.1 at 2022-01-16 20:27:13 +0530
Processing by PoniesController#new as HTML
  Rendering layout layouts/application.html.erb
  Rendering ponies/new.html.erb within layouts/application
  Rendered ponies/_form.html.erb (Duration: 8.1ms | Allocations: 2963)
  Rendered ponies/new.html.erb within layouts/application (Duration: 9.2ms | Allocations: 3272)
  Rendered layout layouts/application.html.erb (Duration: 12.8ms | Allocations: 5315)
Completed 200 OK in 29ms (Views: 13.4ms | ActiveRecord: 6.0ms | Allocations: 10177)


Started POST "/ponies" for 127.0.0.1 at 2022-01-16 20:27:29 +0530
Processing by PoniesController#create as TURBO_STREAM
  Parameters: {"authenticity_token"=>"[FILTERED]", "pony"=>{"name"=>"Ajay", "profession"=>"Developer"}, "commit"=>"Create Pony"}
  [1m[36mTRANSACTION (0.2ms)[0m  [1m[35mBEGIN[0m
  ↳ app/controllers/ponies_controller.rb:27:in `block in create'
  [1m[36mPony Create (0.7ms)[0m  [1m[32mINSERT INTO "ponies" ("name", "profession", "created_at", "updated_at") VALUES ($1, $2, $3, $4) RETURNING "id"[0m  [["name", "Ajay"], ["profession", "Developer"], ["created_at", "2022-01-16 14:57:29.598252"], ["updated_at", "2022-01-16 14:57:29.598252"]]
  ↳ app/controllers/ponies_controller.rb:27:in `block in create'
  [1m[36mTRANSACTION (0.8ms)[0m  [1m[35mCOMMIT[0m
  ↳ app/controllers/ponies_controller.rb:27:in `block in create'
Redirected to http://localhost:3000/ponies/1
Completed 302 Found in 8ms (ActiveRecord: 1.7ms | Allocations: 3403)


Started GET "/ponies/1" for 127.0.0.1 at 2022-01-16 20:27:29 +0530
Processing by PoniesController#show as TURBO_STREAM
  Parameters: {"id"=>"1"}
  [1m[36mPony Load (0.6ms)[0m  [1m[34mSELECT "ponies".* FROM "ponies" WHERE "ponies"."id" = $1 LIMIT $2[0m  [["id", 1], ["LIMIT", 1]]
  ↳ app/controllers/ponies_controller.rb:63:in `set_pony'
  Rendering layout layouts/application.html.erb
  Rendering ponies/show.html.erb within layouts/application
  Rendered ponies/_pony.html.erb (Duration: 0.8ms | Allocations: 204)
  Rendered ponies/show.html.erb within layouts/application (Duration: 4.6ms | Allocations: 1233)
  Rendered layout layouts/application.html.erb (Duration: 8.2ms | Allocations: 3268)
Completed 200 OK in 14ms (Views: 9.0ms | ActiveRecord: 0.8ms | Allocations: 6078)


  [1m[35m (0.3ms)[0m  [1m[34mSELECT pg_try_advisory_lock(487988736087080235)[0m
  [1m[36mActiveRecord::SchemaMigration Pluck (0.6ms)[0m  [1m[34mSELECT "schema_migrations"."version" FROM "schema_migrations" ORDER BY "schema_migrations"."version" ASC[0m
Migrating to CreateCandidates (20220116150835)
  [1m[36mTRANSACTION (0.3ms)[0m  [1m[35mBEGIN[0m
  [1m[35m (5.1ms)[0m  [1m[35mCREATE TABLE "candidates" ("id" bigserial primary key, "name" character varying, "profile" character varying, "letter" text, "immediate" boolean, "created_at" timestamp(6) NOT NULL, "updated_at" timestamp(6) NOT NULL)[0m
  [1m[36mActiveRecord::SchemaMigration Create (0.5ms)[0m  [1m[32mINSERT INTO "schema_migrations" ("version") VALUES ($1) RETURNING "version"[0m  [["version", "20220116150835"]]
  [1m[36mTRANSACTION (0.6ms)[0m  [1m[35mCOMMIT[0m
  [1m[36mActiveRecord::InternalMetadata Load (0.3ms)[0m  [1m[34mSELECT "ar_internal_metadata".* FROM "ar_internal_metadata" WHERE "ar_internal_metadata"."key" = $1 LIMIT $2[0m  [["key", "environment"], ["LIMIT", 1]]
  [1m[35m (0.3ms)[0m  [1m[34mSELECT pg_advisory_unlock(487988736087080235)[0m
  [1m[36mActiveRecord::SchemaMigration Pluck (0.5ms)[0m  [1m[34mSELECT "schema_migrations"."version" FROM "schema_migrations" ORDER BY "schema_migrations"."version" ASC[0m
Started GET "/candidates" for 127.0.0.1 at 2022-01-17 10:27:12 +0530
  [1m[36mActiveRecord::SchemaMigration Pluck (1.0ms)[0m  [1m[34mSELECT "schema_migrations"."version" FROM "schema_migrations" ORDER BY "schema_migrations"."version" ASC[0m
Processing by CandidatesController#index as HTML
  Rendering layout layouts/application.html.erb
  Rendering candidates/index.html.erb within layouts/application
  [1m[36mCandidate Load (1.1ms)[0m  [1m[34mSELECT "candidates".* FROM "candidates"[0m
  ↳ app/views/candidates/index.html.erb:6
  Rendered candidates/index.html.erb within layouts/application (Duration: 7.5ms | Allocations: 1495)
  Rendered layout layouts/application.html.erb (Duration: 60.2ms | Allocations: 35129)
Completed 200 OK in 72ms (Views: 62.0ms | ActiveRecord: 1.1ms | Allocations: 41045)


Started GET "/candidates/new" for 127.0.0.1 at 2022-01-17 10:27:15 +0530
Processing by CandidatesController#new as HTML
  Rendering layout layouts/application.html.erb
  Rendering candidates/new.html.erb within layouts/application
  Rendered candidates/_form.html.erb (Duration: 12.4ms | Allocations: 4351)
  Rendered candidates/new.html.erb within layouts/application (Duration: 14.5ms | Allocations: 4675)
  Rendered layout layouts/application.html.erb (Duration: 18.5ms | Allocations: 6718)
Completed 200 OK in 36ms (Views: 19.4ms | ActiveRecord: 6.6ms | Allocations: 12521)


Started GET "/candidates/new" for 127.0.0.1 at 2022-01-17 10:33:16 +0530
Processing by CandidatesController#new as HTML
  Rendering layout layouts/application.html.erb
  Rendering candidates/new.html.erb within layouts/application
  Rendered candidates/_form.html.erb (Duration: 10.1ms | Allocations: 4982)
  Rendered candidates/new.html.erb within layouts/application (Duration: 11.2ms | Allocations: 5274)
  Rendered layout layouts/application.html.erb (Duration: 11.5ms | Allocations: 5355)
Completed 500 Internal Server Error in 15ms (Allocations: 6383)


  
ActionView::SyntaxErrorInTemplate (Encountered a syntax error while rendering template: check <%= form_with(model: candidate) do |form| %>
  <% if candidate.errors.any? %>
    <div style="color: red">
      <h2><%= pluralize(candidate.errors.count, "error") %> prohibited this candidate from being saved:</h2>

      <ul>
        <% candidate.errors.each do |error| %>
          <li><%= error.full_message %></li>
        <% end %>
      </ul>
    </div>
  <% end %>

  <div>
    <%= form.label :name, style: "display: block" %>
    <%= form.text_field :name %>
  </div>

  <div>
    <%= form.label :profile, style: "display: block" %>
    <%= form.text_field :profile %>
  </div>

  <div>
    <%= form.label :letter, style: "display: block" %>
    <%= form.text_area :letter %>
  </div>

  <div>
    <%= form.label :immediate, style: "display: block" %>
    <%= form.check_box :immediate %>
  </div>

  <div>
    <%= form.submit , style:"backgroundcolor: blue"%>
  </div>
<% end %>

):
1:    <%= form_with(model: candidate) do |form| %>
2:      <% if candidate.errors.any? %>
3:        <div style="color: red">
4:          <h2><%= pluralize(candidate.errors.count, "error") %> prohibited this candidate from being saved:</h2>
5:    
6:          <ul>
7:            <% candidate.errors.each do |error| %>
8:              <li><%= error.full_message %></li>
9:            <% end %>
10:          </ul>
11:        </div>
12:      <% end %>
13:    
14:      <div>
15:        <%= form.label :name, style: "display: block" %>
16:        <%= form.text_field :name %>
17:      </div>
18:    
19:      <div>
20:        <%= form.label :profile, style: "display: block" %>
21:        <%= form.text_field :profile %>
22:      </div>
23:    
24:      <div>
25:        <%= form.label :letter, style: "display: block" %>
26:        <%= form.text_area :letter %>
27:      </div>
28:    
29:      <div>
30:        <%= form.label :immediate, style: "display: block" %>
31:        <%= form.check_box :immediate %>
32:      </div>
33:    
34:      <div>
35:        <%= form.submit , style:"backgroundcolor: blue"%>
36:      </div>
37:    <% end %>
  
app/views/candidates/_form.html.erb:35: syntax error, unexpected label, expecting '='
app/views/candidates/_form.html.erb:35: syntax error, unexpected label, expecting '='
app/views/candidates/_form.html.erb:35: syntax error, unexpected label, expecting '='
app/views/candidates/_form.html.erb:35: syntax error, unexpected label, expecting '='
app/views/candidates/_form.html.erb:35: syntax error, unexpected label, expecting '='
app/views/candidates/_form.html.erb:35: syntax error, unexpected label, expecting '='
app/views/candidates/new.html.erb:3
Started GET "/candidates/new" for 127.0.0.1 at 2022-01-17 10:33:34 +0530
Processing by CandidatesController#new as HTML
  Rendering layout layouts/application.html.erb
  Rendering candidates/new.html.erb within layouts/application
  Rendered candidates/_form.html.erb (Duration: 2.6ms | Allocations: 1522)
  Rendered candidates/new.html.erb within layouts/application (Duration: 4.9ms | Allocations: 1814)
  Rendered layout layouts/application.html.erb (Duration: 5.2ms | Allocations: 1895)
Completed 500 Internal Server Error in 10ms (Allocations: 2906)


  
ActionView::SyntaxErrorInTemplate (Encountered a syntax error while rendering template: check <%= form_with(model: candidate) do |form| %>
  <% if candidate.errors.any? %>
    <div style="color: red">
      <h2><%= pluralize(candidate.errors.count, "error") %> prohibited this candidate from being saved:</h2>

      <ul>
        <% candidate.errors.each do |error| %>
          <li><%= error.full_message %></li>
        <% end %>
      </ul>
    </div>
  <% end %>

  <div>
    <%= form.label :name, style: "display: block" %>
    <%= form.text_field :name %>
  </div>

  <div>
    <%= form.label :profile, style: "display: block" %>
    <%= form.text_field :profile %>
  </div>

  <div>
    <%= form.label :letter, style: "display: block" %>
    <%= form.text_area :letter %>
  </div>

  <div>
    <%= form.label :immediate, style: "display: block" %>
    <%= form.check_box :immediate %>
  </div>

  <div>
    <%= form.submit , style:"background-color: blue"%>
  </div>
<% end %>

):
1:    <%= form_with(model: candidate) do |form| %>
2:      <% if candidate.errors.any? %>
3:        <div style="color: red">
4:          <h2><%= pluralize(candidate.errors.count, "error") %> prohibited this candidate from being saved:</h2>
5:    
6:          <ul>
7:            <% candidate.errors.each do |error| %>
8:              <li><%= error.full_message %></li>
9:            <% end %>
10:          </ul>
11:        </div>
12:      <% end %>
13:    
14:      <div>
15:        <%= form.label :name, style: "display: block" %>
16:        <%= form.text_field :name %>
17:      </div>
18:    
19:      <div>
20:        <%= form.label :profile, style: "display: block" %>
21:        <%= form.text_field :profile %>
22:      </div>
23:    
24:      <div>
25:        <%= form.label :letter, style: "display: block" %>
26:        <%= form.text_area :letter %>
27:      </div>
28:    
29:      <div>
30:        <%= form.label :immediate, style: "display: block" %>
31:        <%= form.check_box :immediate %>
32:      </div>
33:    
34:      <div>
35:        <%= form.submit , style:"background-color: blue"%>
36:      </div>
37:    <% end %>
  
app/views/candidates/_form.html.erb:35: syntax error, unexpected label, expecting '='
app/views/candidates/_form.html.erb:35: syntax error, unexpected label, expecting '='
app/views/candidates/_form.html.erb:35: syntax error, unexpected label, expecting '='
app/views/candidates/_form.html.erb:35: syntax error, unexpected label, expecting '='
app/views/candidates/_form.html.erb:35: syntax error, unexpected label, expecting '='
app/views/candidates/_form.html.erb:35: syntax error, unexpected label, expecting '='
app/views/candidates/new.html.erb:3
Started GET "/candidates/new" for 127.0.0.1 at 2022-01-17 10:33:48 +0530
Processing by CandidatesController#new as HTML
  Rendering layout layouts/application.html.erb
  Rendering candidates/new.html.erb within layouts/application
  Rendered candidates/_form.html.erb (Duration: 1.8ms | Allocations: 1523)
  Rendered candidates/new.html.erb within layouts/application (Duration: 2.9ms | Allocations: 1815)
  Rendered layout layouts/application.html.erb (Duration: 3.2ms | Allocations: 1896)
Completed 500 Internal Server Error in 6ms (Allocations: 2907)


  
ActionView::SyntaxErrorInTemplate (Encountered a syntax error while rendering template: check <%= form_with(model: candidate) do |form| %>
  <% if candidate.errors.any? %>
    <div style="color: red">
      <h2><%= pluralize(candidate.errors.count, "error") %> prohibited this candidate from being saved:</h2>

      <ul>
        <% candidate.errors.each do |error| %>
          <li><%= error.full_message %></li>
        <% end %>
      </ul>
    </div>
  <% end %>

  <div>
    <%= form.label :name, style: "display: block" %>
    <%= form.text_field :name %>
  </div>

  <div>
    <%= form.label :profile, style: "display: block" %>
    <%= form.text_field :profile %>
  </div>

  <div>
    <%= form.label :letter, style: "display: block" %>
    <%= form.text_area :letter %>
  </div>

  <div>
    <%= form.label :immediate, style: "display: block" %>
    <%= form.check_box :immediate %>
  </div>

  <div>
    <%= form.submit , style:"color: blue"%>
  </div>
<% end %>

):
1:    <%= form_with(model: candidate) do |form| %>
2:      <% if candidate.errors.any? %>
3:        <div style="color: red">
4:          <h2><%= pluralize(candidate.errors.count, "error") %> prohibited this candidate from being saved:</h2>
5:    
6:          <ul>
7:            <% candidate.errors.each do |error| %>
8:              <li><%= error.full_message %></li>
9:            <% end %>
10:          </ul>
11:        </div>
12:      <% end %>
13:    
14:      <div>
15:        <%= form.label :name, style: "display: block" %>
16:        <%= form.text_field :name %>
17:      </div>
18:    
19:      <div>
20:        <%= form.label :profile, style: "display: block" %>
21:        <%= form.text_field :profile %>
22:      </div>
23:    
24:      <div>
25:        <%= form.label :letter, style: "display: block" %>
26:        <%= form.text_area :letter %>
27:      </div>
28:    
29:      <div>
30:        <%= form.label :immediate, style: "display: block" %>
31:        <%= form.check_box :immediate %>
32:      </div>
33:    
34:      <div>
35:        <%= form.submit , style:"color: blue"%>
36:      </div>
37:    <% end %>
  
app/views/candidates/_form.html.erb:35: syntax error, unexpected label, expecting '='
app/views/candidates/_form.html.erb:35: syntax error, unexpected label, expecting '='
app/views/candidates/_form.html.erb:35: syntax error, unexpected label, expecting '='
app/views/candidates/_form.html.erb:35: syntax error, unexpected label, expecting '='
app/views/candidates/_form.html.erb:35: syntax error, unexpected label, expecting '='
app/views/candidates/_form.html.erb:35: syntax error, unexpected label, expecting '='
app/views/candidates/new.html.erb:3
Started GET "/candidates/new" for 127.0.0.1 at 2022-01-17 10:34:10 +0530
Processing by CandidatesController#new as HTML
  Rendering layout layouts/application.html.erb
  Rendering candidates/new.html.erb within layouts/application
  Rendered candidates/_form.html.erb (Duration: 3.1ms | Allocations: 1522)
  Rendered candidates/new.html.erb within layouts/application (Duration: 5.4ms | Allocations: 1814)
  Rendered layout layouts/application.html.erb (Duration: 5.8ms | Allocations: 1895)
Completed 500 Internal Server Error in 12ms (Allocations: 2906)


  
ActionView::SyntaxErrorInTemplate (Encountered a syntax error while rendering template: check <%= form_with(model: candidate) do |form| %>
  <% if candidate.errors.any? %>
    <div style="color: red">
      <h2><%= pluralize(candidate.errors.count, "error") %> prohibited this candidate from being saved:</h2>

      <ul>
        <% candidate.errors.each do |error| %>
          <li><%= error.full_message %></li>
        <% end %>
      </ul>
    </div>
  <% end %>

  <div>
    <%= form.label :name, style: "display: block" %>
    <%= form.text_field :name %>
  </div>

  <div>
    <%= form.label :profile, style: "display: block" %>
    <%= form.text_field :profile %>
  </div>

  <div>
    <%= form.label :letter, style: "display: block" %>
    <%= form.text_area :letter %>
  </div>

  <div>
    <%= form.label :immediate, style: "display: block" %>
    <%= form.check_box :immediate %>
  </div>

  <div>
    <%= form.submit , style:"color: blue" %>
  </div>
<% end %>

):
1:    <%= form_with(model: candidate) do |form| %>
2:      <% if candidate.errors.any? %>
3:        <div style="color: red">
4:          <h2><%= pluralize(candidate.errors.count, "error") %> prohibited this candidate from being saved:</h2>
5:    
6:          <ul>
7:            <% candidate.errors.each do |error| %>
8:              <li><%= error.full_message %></li>
9:            <% end %>
10:          </ul>
11:        </div>
12:      <% end %>
13:    
14:      <div>
15:        <%= form.label :name, style: "display: block" %>
16:        <%= form.text_field :name %>
17:      </div>
18:    
19:      <div>
20:        <%= form.label :profile, style: "display: block" %>
21:        <%= form.text_field :profile %>
22:      </div>
23:    
24:      <div>
25:        <%= form.label :letter, style: "display: block" %>
26:        <%= form.text_area :letter %>
27:      </div>
28:    
29:      <div>
30:        <%= form.label :immediate, style: "display: block" %>
31:        <%= form.check_box :immediate %>
32:      </div>
33:    
34:      <div>
35:        <%= form.submit , style:"color: blue" %>
36:      </div>
37:    <% end %>
  
app/views/candidates/_form.html.erb:35: syntax error, unexpected label, expecting '='
app/views/candidates/_form.html.erb:35: syntax error, unexpected label, expecting '='
app/views/candidates/_form.html.erb:35: syntax error, unexpected label, expecting '='
app/views/candidates/_form.html.erb:35: syntax error, unexpected label, expecting '='
app/views/candidates/_form.html.erb:35: syntax error, unexpected label, expecting '='
app/views/candidates/_form.html.erb:35: syntax error, unexpected label, expecting '='
app/views/candidates/new.html.erb:3
Started GET "/candidates/new" for 127.0.0.1 at 2022-01-17 10:34:31 +0530
Processing by CandidatesController#new as HTML
  Rendering layout layouts/application.html.erb
  Rendering candidates/new.html.erb within layouts/application
  Rendered candidates/_form.html.erb (Duration: 6.4ms | Allocations: 1659)
  Rendered candidates/new.html.erb within layouts/application (Duration: 8.5ms | Allocations: 1975)
  Rendered layout layouts/application.html.erb (Duration: 12.0ms | Allocations: 4314)
Completed 200 OK in 17ms (Views: 14.6ms | Allocations: 5349)


Started GET "/candidates/new" for 127.0.0.1 at 2022-01-17 10:48:35 +0530
Processing by CandidatesController#new as HTML
  Rendering layout layouts/application.html.erb
  Rendering candidates/new.html.erb within layouts/application
  Rendered candidates/_form.html.erb (Duration: 7.0ms | Allocations: 1651)
  Rendered candidates/new.html.erb within layouts/application (Duration: 9.5ms | Allocations: 1967)
  Rendered layout layouts/application.html.erb (Duration: 18.5ms | Allocations: 4296)
Completed 200 OK in 23ms (Views: 21.4ms | Allocations: 5331)


Started GET "/candidates/new" for 127.0.0.1 at 2022-01-17 10:48:37 +0530
Processing by CandidatesController#new as HTML
  Rendering layout layouts/application.html.erb
  Rendering candidates/new.html.erb within layouts/application
  Rendered candidates/_form.html.erb (Duration: 9.4ms | Allocations: 1165)
  Rendered candidates/new.html.erb within layouts/application (Duration: 10.6ms | Allocations: 1258)
  Rendered layout layouts/application.html.erb (Duration: 19.4ms | Allocations: 3301)
Completed 200 OK in 22ms (Views: 21.1ms | Allocations: 3635)


Started GET "/candidates/new" for 127.0.0.1 at 2022-01-17 10:52:13 +0530
Processing by CandidatesController#new as HTML
  Rendering layout layouts/application.html.erb
  Rendering candidates/new.html.erb within layouts/application
  Rendered candidates/_form.html.erb (Duration: 4.1ms | Allocations: 1661)
  Rendered candidates/new.html.erb within layouts/application (Duration: 5.7ms | Allocations: 1977)
  Rendered layout layouts/application.html.erb (Duration: 9.1ms | Allocations: 4305)
Completed 200 OK in 15ms (Views: 13.5ms | Allocations: 5339)


Started GET "/candidates/new" for 127.0.0.1 at 2022-01-17 10:52:17 +0530
Processing by CandidatesController#new as HTML
  Rendering layout layouts/application.html.erb
  Rendering candidates/new.html.erb within layouts/application
  Rendered candidates/_form.html.erb (Duration: 3.7ms | Allocations: 1175)
  Rendered candidates/new.html.erb within layouts/application (Duration: 4.2ms | Allocations: 1268)
  Rendered layout layouts/application.html.erb (Duration: 7.5ms | Allocations: 3311)
Completed 200 OK in 9ms (Views: 8.5ms | Allocations: 3645)


Started GET "/candidates/new" for 127.0.0.1 at 2022-01-17 10:53:35 +0530
Processing by CandidatesController#new as HTML
  Rendering layout layouts/application.html.erb
  Rendering candidates/new.html.erb within layouts/application
  Rendered candidates/_form.html.erb (Duration: 3.4ms | Allocations: 1659)
  Rendered candidates/new.html.erb within layouts/application (Duration: 5.4ms | Allocations: 1975)
  Rendered layout layouts/application.html.erb (Duration: 8.9ms | Allocations: 4303)
Completed 200 OK in 15ms (Views: 12.7ms | Allocations: 5337)


Started GET "/candidates/new" for 127.0.0.1 at 2022-01-17 10:53:43 +0530
Processing by CandidatesController#new as HTML
  Rendering layout layouts/application.html.erb
  Rendering candidates/new.html.erb within layouts/application
  Rendered candidates/_form.html.erb (Duration: 13.4ms | Allocations: 1657)
  Rendered candidates/new.html.erb within layouts/application (Duration: 19.8ms | Allocations: 1973)
  Rendered layout layouts/application.html.erb (Duration: 31.9ms | Allocations: 4301)
Completed 200 OK in 41ms (Views: 37.5ms | Allocations: 5336)


Started GET "/candidates/new" for 127.0.0.1 at 2022-01-17 10:54:35 +0530
Processing by CandidatesController#new as HTML
  Rendering layout layouts/application.html.erb
  Rendering candidates/new.html.erb within layouts/application
  Rendered candidates/_form.html.erb (Duration: 14.5ms | Allocations: 1659)
  Rendered candidates/new.html.erb within layouts/application (Duration: 18.6ms | Allocations: 1975)
  Rendered layout layouts/application.html.erb (Duration: 31.4ms | Allocations: 4303)
Completed 200 OK in 37ms (Views: 35.4ms | Allocations: 5338)


Started GET "/candidates/new" for 127.0.0.1 at 2022-01-17 10:55:50 +0530
Processing by CandidatesController#new as HTML
  Rendering layout layouts/application.html.erb
  Rendering candidates/new.html.erb within layouts/application
  Rendered candidates/_form.html.erb (Duration: 2.7ms | Allocations: 1175)
  Rendered candidates/new.html.erb within layouts/application (Duration: 3.0ms | Allocations: 1268)
  Rendered layout layouts/application.html.erb (Duration: 6.5ms | Allocations: 3311)
Completed 200 OK in 8ms (Views: 7.6ms | Allocations: 3645)


Started GET "/candidates/new" for 127.0.0.1 at 2022-01-17 10:56:08 +0530
Processing by CandidatesController#new as HTML
  Rendering layout layouts/application.html.erb
  Rendering candidates/new.html.erb within layouts/application
  Rendered candidates/_form.html.erb (Duration: 3.6ms | Allocations: 1655)
  Rendered candidates/new.html.erb within layouts/application (Duration: 4.9ms | Allocations: 1971)
  Rendered layout layouts/application.html.erb (Duration: 9.2ms | Allocations: 4299)
Completed 200 OK in 12ms (Views: 11.0ms | Allocations: 5333)


Started GET "/candidates/new" for 127.0.0.1 at 2022-01-17 10:57:57 +0530
Processing by CandidatesController#new as HTML
  Rendering layout layouts/application.html.erb
  Rendering candidates/new.html.erb within layouts/application
  Rendered candidates/_form.html.erb (Duration: 7.5ms | Allocations: 1673)
  Rendered candidates/new.html.erb within layouts/application (Duration: 9.3ms | Allocations: 1989)
  Rendered layout layouts/application.html.erb (Duration: 14.6ms | Allocations: 4336)
Completed 200 OK in 20ms (Views: 18.3ms | Allocations: 5372)


Started GET "/candidates/new" for 127.0.0.1 at 2022-01-17 10:59:41 +0530
Processing by CandidatesController#new as HTML
  Rendering layout layouts/application.html.erb
  Rendering candidates/new.html.erb within layouts/application
  Rendered candidates/_form.html.erb (Duration: 3.8ms | Allocations: 1677)
  Rendered candidates/new.html.erb within layouts/application (Duration: 5.0ms | Allocations: 1993)
  Rendered layout layouts/application.html.erb (Duration: 9.1ms | Allocations: 4321)
Completed 200 OK in 14ms (Views: 12.8ms | Allocations: 5356)


Started GET "/candidates" for 127.0.0.1 at 2022-01-17 21:32:14 +0530
  [1m[36mActiveRecord::SchemaMigration Pluck (1.1ms)[0m  [1m[34mSELECT "schema_migrations"."version" FROM "schema_migrations" ORDER BY "schema_migrations"."version" ASC[0m
Processing by CandidatesController#index as HTML
Completed 500 Internal Server Error in 5ms (ActiveRecord: 0.0ms | Allocations: 3522)


  
SyntaxError (/home/dell/cookbook/app/models/candidate.rb:2: syntax error, unexpected symbol literal, expecting `do' or '{' or '('
    validates :name, presence :true, uniqueness:true
                              ^
/home/dell/cookbook/app/models/candidate.rb:3: syntax error, unexpected symbol literal, expecting `do' or '{' or '('
    validates :facts,presence :true
                              ^
):
  
app/models/candidate.rb:2: syntax error, unexpected symbol literal, expecting `do' or '{' or '('
app/models/candidate.rb:3: syntax error, unexpected symbol literal, expecting `do' or '{' or '('
app/models/candidate.rb:2: syntax error, unexpected symbol literal, expecting `do' or '{' or '('
app/models/candidate.rb:3: syntax error, unexpected symbol literal, expecting `do' or '{' or '('
app/models/candidate.rb:2: syntax error, unexpected symbol literal, expecting `do' or '{' or '('
app/models/candidate.rb:3: syntax error, unexpected symbol literal, expecting `do' or '{' or '('
app/controllers/candidates_controller.rb:6:in `index'
Started GET "/candidates" for 127.0.0.1 at 2022-01-17 21:34:31 +0530
Processing by CandidatesController#index as HTML
Completed 500 Internal Server Error in 35ms (ActiveRecord: 0.0ms | Allocations: 3197)


  
SyntaxError (/home/dell/cookbook/app/models/candidate.rb:2: syntax error, unexpected symbol literal, expecting `do' or '{' or '('
    validates :name, presence :true, uniqueness:true
                              ^
/home/dell/cookbook/app/models/candidate.rb:3: syntax error, unexpected symbol literal, expecting `do' or '{' or '('
    validates :facts,presence :true
                              ^
):
  
app/models/candidate.rb:2: syntax error, unexpected symbol literal, expecting `do' or '{' or '('
app/models/candidate.rb:3: syntax error, unexpected symbol literal, expecting `do' or '{' or '('
app/models/candidate.rb:2: syntax error, unexpected symbol literal, expecting `do' or '{' or '('
app/models/candidate.rb:3: syntax error, unexpected symbol literal, expecting `do' or '{' or '('
app/models/candidate.rb:2: syntax error, unexpected symbol literal, expecting `do' or '{' or '('
app/models/candidate.rb:3: syntax error, unexpected symbol literal, expecting `do' or '{' or '('
app/controllers/candidates_controller.rb:6:in `index'
Started GET "/candidates" for 127.0.0.1 at 2022-01-17 21:35:51 +0530
Processing by CandidatesController#index as HTML
Completed 500 Internal Server Error in 1ms (ActiveRecord: 0.0ms | Allocations: 1097)


  
SyntaxError (/home/dell/cookbook/app/models/candidate.rb:2: syntax error, unexpected symbol literal, expecting `do' or '{' or '('
    validates :name, presence :true
                              ^
/home/dell/cookbook/app/models/candidate.rb:3: syntax error, unexpected symbol literal, expecting `do' or '{' or '('
    validates :facts,presence :true
                              ^
):
  
app/models/candidate.rb:2: syntax error, unexpected symbol literal, expecting `do' or '{' or '('
app/models/candidate.rb:3: syntax error, unexpected symbol literal, expecting `do' or '{' or '('
app/models/candidate.rb:2: syntax error, unexpected symbol literal, expecting `do' or '{' or '('
app/models/candidate.rb:3: syntax error, unexpected symbol literal, expecting `do' or '{' or '('
app/models/candidate.rb:2: syntax error, unexpected symbol literal, expecting `do' or '{' or '('
app/models/candidate.rb:3: syntax error, unexpected symbol literal, expecting `do' or '{' or '('
app/controllers/candidates_controller.rb:6:in `index'
Started GET "/candidates" for 127.0.0.1 at 2022-01-17 21:35:52 +0530
Processing by CandidatesController#index as HTML
Completed 500 Internal Server Error in 4ms (ActiveRecord: 0.0ms | Allocations: 1049)


  
SyntaxError (/home/dell/cookbook/app/models/candidate.rb:2: syntax error, unexpected symbol literal, expecting `do' or '{' or '('
    validates :name, presence :true
                              ^
/home/dell/cookbook/app/models/candidate.rb:3: syntax error, unexpected symbol literal, expecting `do' or '{' or '('
    validates :facts,presence :true
                              ^
):
  
app/models/candidate.rb:2: syntax error, unexpected symbol literal, expecting `do' or '{' or '('
app/models/candidate.rb:3: syntax error, unexpected symbol literal, expecting `do' or '{' or '('
app/models/candidate.rb:2: syntax error, unexpected symbol literal, expecting `do' or '{' or '('
app/models/candidate.rb:3: syntax error, unexpected symbol literal, expecting `do' or '{' or '('
app/models/candidate.rb:2: syntax error, unexpected symbol literal, expecting `do' or '{' or '('
app/models/candidate.rb:3: syntax error, unexpected symbol literal, expecting `do' or '{' or '('
app/controllers/candidates_controller.rb:6:in `index'
Started GET "/candidates" for 127.0.0.1 at 2022-01-17 21:39:42 +0530
Processing by CandidatesController#index as HTML
Completed 500 Internal Server Error in 1ms (ActiveRecord: 0.0ms | Allocations: 1097)


  
SyntaxError (/home/dell/cookbook/app/models/candidate.rb:2: syntax error, unexpected symbol literal, expecting `do' or '{' or '('
    validates :name, presence :true
                              ^
):
  
app/models/candidate.rb:2: syntax error, unexpected symbol literal, expecting `do' or '{' or '('
app/models/candidate.rb:2: syntax error, unexpected symbol literal, expecting `do' or '{' or '('
app/models/candidate.rb:2: syntax error, unexpected symbol literal, expecting `do' or '{' or '('
app/controllers/candidates_controller.rb:6:in `index'
Started GET "/candidates" for 127.0.0.1 at 2022-01-17 21:40:13 +0530
Processing by CandidatesController#index as HTML
Completed 500 Internal Server Error in 1ms (ActiveRecord: 0.0ms | Allocations: 1097)


  
SyntaxError (/home/dell/cookbook/app/models/candidate.rb:2: syntax error, unexpected symbol literal, expecting `do' or '{' or '('
   { validates :name, presence :true}
               ^
/home/dell/cookbook/app/models/candidate.rb:2: syntax error, unexpected '}', expecting `end'
...alidates :name, presence :true}
...                              ^
):
  
app/models/candidate.rb:2: syntax error, unexpected symbol literal, expecting `do' or '{' or '('
app/models/candidate.rb:2: syntax error, unexpected '}', expecting `end'
app/models/candidate.rb:2: syntax error, unexpected symbol literal, expecting `do' or '{' or '('
app/models/candidate.rb:2: syntax error, unexpected '}', expecting `end'
app/models/candidate.rb:2: syntax error, unexpected symbol literal, expecting `do' or '{' or '('
app/models/candidate.rb:2: syntax error, unexpected '}', expecting `end'
app/controllers/candidates_controller.rb:6:in `index'
Started GET "/candidates" for 127.0.0.1 at 2022-01-17 21:47:57 +0530
Processing by CandidatesController#index as HTML
Completed 500 Internal Server Error in 1ms (Allocations: 1099)


  
SyntaxError (/home/dell/cookbook/app/models/candidate.rb:3: syntax error, unexpected symbol literal, expecting `do' or '{' or '('
   validates :name, presence :true
                             ^
):
  
app/models/candidate.rb:3: syntax error, unexpected symbol literal, expecting `do' or '{' or '('
app/models/candidate.rb:3: syntax error, unexpected symbol literal, expecting `do' or '{' or '('
app/models/candidate.rb:3: syntax error, unexpected symbol literal, expecting `do' or '{' or '('
app/controllers/candidates_controller.rb:6:in `index'
Started GET "/candidates" for 127.0.0.1 at 2022-01-17 21:47:59 +0530
Processing by CandidatesController#index as HTML
Completed 500 Internal Server Error in 2ms (Allocations: 1051)


  
SyntaxError (/home/dell/cookbook/app/models/candidate.rb:3: syntax error, unexpected symbol literal, expecting `do' or '{' or '('
   validates :name, presence :true
                             ^
):
  
app/models/candidate.rb:3: syntax error, unexpected symbol literal, expecting `do' or '{' or '('
app/models/candidate.rb:3: syntax error, unexpected symbol literal, expecting `do' or '{' or '('
app/models/candidate.rb:3: syntax error, unexpected symbol literal, expecting `do' or '{' or '('
app/controllers/candidates_controller.rb:6:in `index'
Started GET "/candidates" for 127.0.0.1 at 2022-01-17 21:51:01 +0530
Processing by CandidatesController#index as HTML
Completed 500 Internal Server Error in 1ms (Allocations: 1101)


  
SyntaxError (/home/dell/cookbook/app/models/candidate.rb:3: syntax error, unexpected local variable or method, expecting `end'
   ??validates :name, presence :true
     ^~~~~~~~~
/home/dell/cookbook/app/models/candidate.rb:3: syntax error, unexpected symbol literal, expecting `do' or '{' or '('
...  ??validates :name, presence :true
...                              ^
):
  
app/models/candidate.rb:3: syntax error, unexpected local variable or method, expecting `end'
app/models/candidate.rb:3: syntax error, unexpected symbol literal, expecting `do' or '{' or '('
app/models/candidate.rb:3: syntax error, unexpected local variable or method, expecting `end'
app/models/candidate.rb:3: syntax error, unexpected symbol literal, expecting `do' or '{' or '('
app/models/candidate.rb:3: syntax error, unexpected local variable or method, expecting `end'
app/models/candidate.rb:3: syntax error, unexpected symbol literal, expecting `do' or '{' or '('
app/controllers/candidates_controller.rb:6:in `index'
Started GET "/candidates" for 127.0.0.1 at 2022-01-17 22:03:50 +0530
Processing by CandidatesController#index as HTML
Completed 500 Internal Server Error in 1ms (Allocations: 1099)


  
SyntaxError (/home/dell/cookbook/app/models/candidate.rb:3: syntax error, unexpected symbol literal, expecting `do' or '{' or '('
    validates :name, presence :true
                              ^
):
  
app/models/candidate.rb:3: syntax error, unexpected symbol literal, expecting `do' or '{' or '('
app/models/candidate.rb:3: syntax error, unexpected symbol literal, expecting `do' or '{' or '('
app/models/candidate.rb:3: syntax error, unexpected symbol literal, expecting `do' or '{' or '('
app/controllers/candidates_controller.rb:6:in `index'
Started GET "/candidates" for 127.0.0.1 at 2022-01-17 22:04:20 +0530
Processing by CandidatesController#index as HTML
Completed 500 Internal Server Error in 1ms (Allocations: 1132)


  
SyntaxError (/home/dell/cookbook/app/models/candidate.rb:3: syntax error, unexpected symbol literal, expecting `do' or '{' or '('
    validates :name, presence :true
                              ^
/home/dell/cookbook/app/models/candidate.rb:4: syntax error, unexpected symbol literal, expecting `do' or '{' or '('
...lidates :profession, presence :true
...                              ^
):
  
app/models/candidate.rb:3: syntax error, unexpected symbol literal, expecting `do' or '{' or '('
app/models/candidate.rb:4: syntax error, unexpected symbol literal, expecting `do' or '{' or '('
app/models/candidate.rb:3: syntax error, unexpected symbol literal, expecting `do' or '{' or '('
app/models/candidate.rb:4: syntax error, unexpected symbol literal, expecting `do' or '{' or '('
app/models/candidate.rb:3: syntax error, unexpected symbol literal, expecting `do' or '{' or '('
app/models/candidate.rb:4: syntax error, unexpected symbol literal, expecting `do' or '{' or '('
app/controllers/candidates_controller.rb:6:in `index'
